LuckyPoint/app/build/intermediates/manifest_merge_blame_file/release/manifest-merger-blame-release-report.txt
1<?xml version="1.0" encoding="utf-8"?>
2<manifest xmlns:android="http://schemas.android.com/apk/res/android"
3    package="com.example.luckypoint"
4    android:versionCode="1"
5    android:versionName="1.0" >
6
7    <uses-sdk
8        android:minSdkVersion="23"
8-->src\main\AndroidManifest.xml
9        android:targetSdkVersion="30" />
9-->src\main\AndroidManifest.xml
10
11    <application
11-->src\main\AndroidManifest.xml:5:5-29:19
12        android:allowBackup="true"
12-->src\main\AndroidManifest.xml:6:9-35
13        android:appComponentFactory="androidx.core.app.CoreComponentFactory"
13-->[androidx.core:core:1.3.2] AndroidManifest.xml:24:18-86
14        android:extractNativeLibs="false"
15        android:icon="@mipmap/ic_launcher"
15-->src\main\AndroidManifest.xml:7:9-43
16        android:label="@string/app_name"
16-->src\main\AndroidManifest.xml:8:9-41
17        android:roundIcon="@mipmap/ic_launcher_round"
17-->src\main\AndroidManifest.xml:9:9-54
18        android:supportsRtl="true"
18-->src\main\AndroidManifest.xml:10:9-35
19        android:theme="@style/Theme.LuckyPoint" >
19-->src\main\AndroidManifest.xml:11:9-48
20        <activity
20-->src\main\AndroidManifest.xml:12:9-14:39
21            android:name="com.example.luckypoint.PickNumDice"
21-->src\main\AndroidManifest.xml:13:13-40
22            android:exported="true" />
22-->src\main\AndroidManifest.xml:14:13-36
23        <activity
23-->src\main\AndroidManifest.xml:15:9-17:39
24            android:name="com.example.luckypoint.SelectDiceMode"
24-->src\main\AndroidManifest.xml:16:13-43
25            android:exported="true" />
25-->src\main\AndroidManifest.xml:17:13-36
26        <activity android:name="com.example.luckypoint.MainActivity" >
26-->src\main\AndroidManifest.xml:18:9-24:20
26-->src\main\AndroidManifest.xml:18:19-47
27            <intent-filter>
27-->src\main\AndroidManifest.xml:19:13-23:29
28                <action android:name="android.intent.action.MAIN" />
28-->src\main\AndroidManifest.xml:20:17-69
28-->src\main\AndroidManifest.xml:20:25-66
29
30                <category android:name="android.intent.category.LAUNCHER" />
30-->src\main\AndroidManifest.xml:22:17-77
30-->src\main\AndroidManifest.xml:22:27-74
31            </intent-filter>
32        </activity>
33        <activity android:name="com.example.luckypoint.Lotto" />
33-->src\main\AndroidManifest.xml:25:9-43
33-->src\main\AndroidManifest.xml:25:19-40
34        <activity android:name="com.example.luckypoint.LuckyCard" />
34-->src\main\AndroidManifest.xml:26:9-47
34-->src\main\AndroidManifest.xml:26:19-44
35        <activity android:name="com.example.luckypoint.Roulette" />
35-->src\main\AndroidManifest.xml:27:9-46
35-->src\main\AndroidManifest.xml:27:19-43
36        <activity android:name="com.example.luckypoint.Dice" />
36-->src\main\AndroidManifest.xml:28:9-42
36-->src\main\AndroidManifest.xml:28:19-39
37    </application>
38
39</manifest>